{"/home/mks_msk/frontend-project-lvl2/src/compareFiles.js": {"path":"/home/mks_msk/frontend-project-lvl2/src/compareFiles.js","statementMap":{"0":{"start":{"line":4,"column":18},"end":{"line":4,"column":56}},"1":{"start":{"line":4,"column":28},"end":{"line":4,"column":56}},"2":{"start":{"line":6,"column":21},"end":{"line":36,"column":1}},"3":{"start":{"line":7,"column":15},"end":{"line":7,"column":41}},"4":{"start":{"line":8,"column":15},"end":{"line":8,"column":41}},"5":{"start":{"line":9,"column":16},"end":{"line":9,"column":33}},"6":{"start":{"line":10,"column":16},"end":{"line":10,"column":33}},"7":{"start":{"line":11,"column":15},"end":{"line":11,"column":35}},"8":{"start":{"line":13,"column":13},"end":{"line":26,"column":3}},"9":{"start":{"line":14,"column":4},"end":{"line":23,"column":5}},"10":{"start":{"line":15,"column":6},"end":{"line":15,"column":34}},"11":{"start":{"line":17,"column":6},"end":{"line":19,"column":7}},"12":{"start":{"line":18,"column":8},"end":{"line":18,"column":36}},"13":{"start":{"line":20,"column":6},"end":{"line":22,"column":7}},"14":{"start":{"line":21,"column":8},"end":{"line":21,"column":36}},"15":{"start":{"line":25,"column":4},"end":{"line":25,"column":15}},"16":{"start":{"line":28,"column":20},"end":{"line":28,"column":39}},"17":{"start":{"line":29,"column":17},"end":{"line":33,"column":13}},"18":{"start":{"line":35,"column":2},"end":{"line":35,"column":16}}},"fnMap":{"0":{"name":"(anonymous_0)","decl":{"start":{"line":4,"column":18},"end":{"line":4,"column":19}},"loc":{"start":{"line":4,"column":28},"end":{"line":4,"column":56}},"line":4},"1":{"name":"(anonymous_1)","decl":{"start":{"line":6,"column":21},"end":{"line":6,"column":22}},"loc":{"start":{"line":6,"column":39},"end":{"line":36,"column":1}},"line":6},"2":{"name":"(anonymous_2)","decl":{"start":{"line":13,"column":13},"end":{"line":13,"column":14}},"loc":{"start":{"line":13,"column":27},"end":{"line":26,"column":3}},"line":13}},"branchMap":{"0":{"loc":{"start":{"line":14,"column":4},"end":{"line":23,"column":5}},"type":"if","locations":[{"start":{"line":14,"column":4},"end":{"line":23,"column":5}},{"start":{"line":16,"column":11},"end":{"line":23,"column":5}}],"line":14},"1":{"loc":{"start":{"line":17,"column":6},"end":{"line":19,"column":7}},"type":"if","locations":[{"start":{"line":17,"column":6},"end":{"line":19,"column":7}},{"start":{},"end":{}}],"line":17},"2":{"loc":{"start":{"line":20,"column":6},"end":{"line":22,"column":7}},"type":"if","locations":[{"start":{"line":20,"column":6},"end":{"line":22,"column":7}},{"start":{},"end":{}}],"line":20}},"s":{"0":1,"1":2,"2":1,"3":1,"4":1,"5":1,"6":1,"7":1,"8":1,"9":7,"10":2,"11":5,"12":4,"13":5,"14":3,"15":7,"16":1,"17":1,"18":1},"f":{"0":2,"1":1,"2":7},"b":{"0":[2,5],"1":[4,1],"2":[3,2]},"_coverageSchema":"1a1c01bbd47fc00a2c39e90264f33305004495a9","hash":"7d69ebdbb0cc7a68401e16e773334d28d2b651e5"}
,"/home/mks_msk/frontend-project-lvl2/src/getFixturePath.js": {"path":"/home/mks_msk/frontend-project-lvl2/src/getFixturePath.js","statementMap":{"0":{"start":{"line":4,"column":19},"end":{"line":4,"column":49}},"1":{"start":{"line":5,"column":18},"end":{"line":5,"column":42}},"2":{"start":{"line":7,"column":23},"end":{"line":10,"column":1}},"3":{"start":{"line":8,"column":22},"end":{"line":8,"column":74}},"4":{"start":{"line":9,"column":2},"end":{"line":9,"column":21}}},"fnMap":{"0":{"name":"(anonymous_0)","decl":{"start":{"line":7,"column":23},"end":{"line":7,"column":24}},"loc":{"start":{"line":7,"column":37},"end":{"line":10,"column":1}},"line":7}},"branchMap":{},"s":{"0":1,"1":1,"2":1,"3":2,"4":2},"f":{"0":2},"b":{},"_coverageSchema":"1a1c01bbd47fc00a2c39e90264f33305004495a9","hash":"ac02e106e81f3cf33ca3488da014a5a16eadece6"}
,"/home/mks_msk/frontend-project-lvl2/src/readFile.js": {"path":"/home/mks_msk/frontend-project-lvl2/src/readFile.js","statementMap":{"0":{"start":{"line":4,"column":17},"end":{"line":7,"column":1}},"1":{"start":{"line":5,"column":15},"end":{"line":5,"column":64}},"2":{"start":{"line":6,"column":2},"end":{"line":6,"column":14}}},"fnMap":{"0":{"name":"(anonymous_0)","decl":{"start":{"line":4,"column":17},"end":{"line":4,"column":18}},"loc":{"start":{"line":4,"column":31},"end":{"line":7,"column":1}},"line":4}},"branchMap":{},"s":{"0":1,"1":2,"2":2},"f":{"0":2},"b":{},"_coverageSchema":"1a1c01bbd47fc00a2c39e90264f33305004495a9","hash":"4568577c2a5b87e4ebf2e86228dbb20552ece44d"}
}
