TN:
SF:src/compareFiles.js
FN:4,(anonymous_0)
FN:6,(anonymous_1)
FN:13,(anonymous_2)
FNF:3
FNH:3
FNDA:2,(anonymous_0)
FNDA:1,(anonymous_1)
FNDA:7,(anonymous_2)
DA:4,2
DA:6,1
DA:7,1
DA:8,1
DA:9,1
DA:10,1
DA:11,1
DA:13,1
DA:14,7
DA:15,2
DA:17,5
DA:18,4
DA:20,5
DA:21,3
DA:25,7
DA:28,1
DA:29,1
DA:35,1
LF:18
LH:18
BRDA:14,0,0,2
BRDA:14,0,1,5
BRDA:17,1,0,4
BRDA:17,1,1,1
BRDA:20,2,0,3
BRDA:20,2,1,2
BRF:6
BRH:6
end_of_record
TN:
SF:src/getFixturePath.js
FN:7,(anonymous_0)
FNF:1
FNH:1
FNDA:2,(anonymous_0)
DA:4,1
DA:5,1
DA:7,1
DA:8,2
DA:9,2
LF:5
LH:5
BRF:0
BRH:0
end_of_record
TN:
SF:src/readFile.js
FN:4,(anonymous_0)
FNF:1
FNH:1
FNDA:2,(anonymous_0)
DA:4,1
DA:5,2
DA:6,2
LF:3
LH:3
BRF:0
BRH:0
end_of_record
